# JRE version: OpenJDK Runtime Environment (8.0_152-b02) (build 1.8.0_152-release-1024-b02)
# Java VM: OpenJDK 64-Bit Server VM (25.152-b02 mixed mode windows-amd64 compressed oops)
Heap:
 PSYoungGen      total 115712K, used 56809K [0x00000000e0000000, 0x00000000e8800000, 0x0000000100000000)
  eden space 106496K, 44% used [0x00000000e0000000,0x00000000e2ea7d38,0x00000000e6800000)
  from space 9216K, 98% used [0x00000000e7f00000,0x00000000e87d2800,0x00000000e8800000)
  to   space 12288K, 0% used [0x00000000e7000000,0x00000000e7000000,0x00000000e7c00000)
 ParOldGen       total 91136K, used 17101K [0x00000000a0000000, 0x00000000a5900000, 0x00000000e0000000)
  object space 91136K, 18% used [0x00000000a0000000,0x00000000a10b34e8,0x00000000a5900000)
 Metaspace       used 43505K, capacity 44614K, committed 44800K, reserved 1087488K
  class space    used 6014K, capacity 6351K, committed 6400K, reserved 1048576K
GC Heap History (10 events):
Event: 7.105 GC heap before
{Heap before GC invocations=8 (full 1):
 PSYoungGen      total 57856K, used 57369K [0x00000000e0000000, 0x00000000e4f00000, 0x0000000100000000)
  eden space 53760K, 100% used [0x00000000e0000000,0x00000000e3480000,0x00000000e3480000)
  from space 4096K, 88% used [0x00000000e4b00000,0x00000000e4e867a0,0x00000000e4f00000)
  to   space 10240K, 0% used [0x00000000e3b00000,0x00000000e3b00000,0x00000000e4500000)
 ParOldGen       total 58368K, used 8325K [0x00000000a0000000, 0x00000000a3900000, 0x00000000e0000000)
  object space 58368K, 14% used [0x00000000a0000000,0x00000000a08215a8,0x00000000a3900000)
 Metaspace       used 27850K, capacity 28536K, committed 28672K, reserved 1073152K
  class space    used 3855K, capacity 4046K, committed 4096K, reserved 1048576K
Event: 7.116 GC heap after
Heap after GC invocations=8 (full 1):
 PSYoungGen      total 70656K, used 7641K [0x00000000e0000000, 0x00000000e6880000, 0x0000000100000000)
  eden space 60416K, 0% used [0x00000000e0000000,0x00000000e0000000,0x00000000e3b00000)
  from space 10240K, 74% used [0x00000000e3b00000,0x00000000e42767b0,0x00000000e4500000)
  to   space 10752K, 0% used [0x00000000e5e00000,0x00000000e5e00000,0x00000000e6880000)
 ParOldGen       total 58368K, used 8333K [0x00000000a0000000, 0x00000000a3900000, 0x00000000e0000000)
  object space 58368K, 14% used [0x00000000a0000000,0x00000000a08235a8,0x00000000a3900000)
 Metaspace       used 27850K, capacity 28536K, committed 28672K, reserved 1073152K
  class space    used 3855K, capacity 4046K, committed 4096K, reserved 1048576K
}
Event: 8.783 GC heap before
{Heap before GC invocations=9 (full 1):
 PSYoungGen      total 70656K, used 68057K [0x00000000e0000000, 0x00000000e6880000, 0x0000000100000000)
  eden space 60416K, 99% used [0x00000000e0000000,0x00000000e3affd18,0x00000000e3b00000)
  from space 10240K, 74% used [0x00000000e3b00000,0x00000000e42767b0,0x00000000e4500000)
  to   space 10752K, 0% used [0x00000000e5e00000,0x00000000e5e00000,0x00000000e6880000)
 ParOldGen       total 58368K, used 8333K [0x00000000a0000000, 0x00000000a3900000, 0x00000000e0000000)
  object space 58368K, 14% used [0x00000000a0000000,0x00000000a08235a8,0x00000000a3900000)
 Metaspace       used 31170K, capacity 31920K, committed 32000K, reserved 1077248K
  class space    used 4370K, capacity 4600K, committed 4608K, reserved 1048576K
Event: 8.797 GC heap after
Heap after GC invocations=9 (full 1):
 PSYoungGen      total 95232K, used 10732K [0x00000000e0000000, 0x00000000e7400000, 0x0000000100000000)
  eden space 84480K, 0% used [0x00000000e0000000,0x00000000e0000000,0x00000000e5280000)
  from space 10752K, 99% used [0x00000000e5e00000,0x00000000e687b190,0x00000000e6880000)
  to   space 11776K, 0% used [0x00000000e5280000,0x00000000e5280000,0x00000000e5e00000)
 ParOldGen       total 58368K, used 8447K [0x00000000a0000000, 0x00000000a3900000, 0x00000000e0000000)
  object space 58368K, 14% used [0x00000000a0000000,0x00000000a083fc28,0x00000000a3900000)
 Metaspace       used 31170K, capacity 31920K, committed 32000K, reserved 1077248K
  class space    used 4370K, capacity 4600K, committed 4608K, reserved 1048576K
}
Event: 9.198 GC heap before
{Heap before GC invocations=10 (full 1):
 PSYoungGen      total 95232K, used 27855K [0x00000000e0000000, 0x00000000e7400000, 0x0000000100000000)
  eden space 84480K, 20% used [0x00000000e0000000,0x00000000e10b8cf0,0x00000000e5280000)
  from space 10752K, 99% used [0x00000000e5e00000,0x00000000e687b190,0x00000000e6880000)
  to   space 11776K, 0% used [0x00000000e5280000,0x00000000e5280000,0x00000000e5e00000)
 ParOldGen       total 58368K, used 8447K [0x00000000a0000000, 0x00000000a3900000, 0x00000000e0000000)
  object space 58368K, 14% used [0x00000000a0000000,0x00000000a083fc28,0x00000000a3900000)
 Metaspace       used 34545K, capacity 35326K, committed 35416K, reserved 1079296K
  class space    used 4833K, capacity 5100K, committed 5120K, reserved 1048576K
Event: 9.210 GC heap after
Heap after GC invocations=10 (full 1):
 PSYoungGen      total 96256K, used 8786K [0x00000000e0000000, 0x00000000e8b00000, 0x0000000100000000)
  eden space 84480K, 0% used [0x00000000e0000000,0x00000000e0000000,0x00000000e5280000)
  from space 11776K, 74% used [0x00000000e5280000,0x00000000e5b14998,0x00000000e5e00000)
  to   space 12288K, 0% used [0x00000000e7f00000,0x00000000e7f00000,0x00000000e8b00000)
 ParOldGen       total 58368K, used 10111K [0x00000000a0000000, 0x00000000a3900000, 0x00000000e0000000)
  object space 58368K, 17% used [0x00000000a0000000,0x00000000a09dfdd8,0x00000000a3900000)
 Metaspace       used 34545K, capacity 35326K, committed 35416K, reserved 1079296K
  class space    used 4833K, capacity 5100K, committed 5120K, reserved 1048576K
}
Event: 9.210 GC heap before
{Heap before GC invocations=11 (full 2):
 PSYoungGen      total 96256K, used 8786K [0x00000000e0000000, 0x00000000e8b00000, 0x0000000100000000)
  eden space 84480K, 0% used [0x00000000e0000000,0x00000000e0000000,0x00000000e5280000)
  from space 11776K, 74% used [0x00000000e5280000,0x00000000e5b14998,0x00000000e5e00000)
  to   space 12288K, 0% used [0x00000000e7f00000,0x00000000e7f00000,0x00000000e8b00000)
 ParOldGen       total 58368K, used 10111K [0x00000000a0000000, 0x00000000a3900000, 0x00000000e0000000)
  object space 58368K, 17% used [0x00000000a0000000,0x00000000a09dfdd8,0x00000000a3900000)
 Metaspace       used 34545K, capacity 35326K, committed 35416K, reserved 1079296K
  class space    used 4833K, capacity 5100K, committed 5120K, reserved 1048576K
Event: 9.310 GC heap after
Heap after GC invocations=11 (full 2):
 PSYoungGen      total 96256K, used 0K [0x00000000e0000000, 0x00000000e8b00000, 0x0000000100000000)
  eden space 84480K, 0% used [0x00000000e0000000,0x00000000e0000000,0x00000000e5280000)
  from space 11776K, 0% used [0x00000000e5280000,0x00000000e5280000,0x00000000e5e00000)
  to   space 12288K, 0% used [0x00000000e7f00000,0x00000000e7f00000,0x00000000e8b00000)
 ParOldGen       total 91136K, used 17093K [0x00000000a0000000, 0x00000000a5900000, 0x00000000e0000000)
  object space 91136K, 18% used [0x00000000a0000000,0x00000000a10b14e8,0x00000000a5900000)
 Metaspace       used 34545K, capacity 35326K, committed 35416K, reserved 1079296K
  class space    used 4833K, capacity 5100K, committed 5120K, reserved 1048576K
}
Event: 10.581 GC heap before
{Heap before GC invocations=12 (full 2):
 PSYoungGen      total 96256K, used 84480K [0x00000000e0000000, 0x00000000e8b00000, 0x0000000100000000)
  eden space 84480K, 100% used [0x00000000e0000000,0x00000000e5280000,0x00000000e5280000)
  from space 11776K, 0% used [0x00000000e5280000,0x00000000e5280000,0x00000000e5e00000)
  to   space 12288K, 0% used [0x00000000e7f00000,0x00000000e7f00000,0x00000000e8b00000)
 ParOldGen       total 91136K, used 17093K [0x00000000a0000000, 0x00000000a5900000, 0x00000000e0000000)
  object space 91136K, 18% used [0x00000000a0000000,0x00000000a10b14e8,0x00000000a5900000)
 Metaspace       used 40066K, capacity 40936K, committed 41216K, reserved 1085440K
  class space    used 5492K, capacity 5789K, committed 5888K, reserved 1048576K
Event: 10.588 GC heap after
Heap after GC invocations=12 (full 2):
 PSYoungGen      total 115712K, used 9034K [0x00000000e0000000, 0x00000000e8800000, 0x0000000100000000)
  eden space 106496K, 0% used [0x00000000e0000000,0x00000000e0000000,0x00000000e6800000)
  from space 9216K, 98% used [0x00000000e7f00000,0x00000000e87d2800,0x00000000e8800000)
  to   space 12288K, 0% used [0x00000000e7000000,0x00000000e7000000,0x00000000e7c00000)
 ParOldGen       total 91136K, used 17101K [0x00000000a0000000, 0x00000000a5900000, 0x00000000e0000000)
  object space 91136K, 18% used [0x00000000a0000000,0x00000000a10b34e8,0x00000000a5900000)
 Metaspace       used 40066K, capacity 40936K, committed 41216K, reserved 1085440K
  class space    used 5492K, capacity 5789K, committed 5888K, reserved 1048576K
}

